2024-12-05 12:01:43,790 [Worker-4: Loading available Gradle versions] INFO  o.e.b.c.i.u.g.PublishedGradleVersions - Gradle version information cache is up-to-date. Trying to read.
2024-12-05 12:02:03,035 [Worker-2: Update Maven projects configuration] INFO  o.e.m.c.i.p.ProjectConfigurationManager - Update started
2024-12-05 12:02:07,025 [Worker-2: Update Maven projects configuration] INFO  o.e.m.c.i.l.LifecycleMappingFactory - Using org.eclipse.m2e.jdt.JarLifecycleMapping lifecycle mapping for MavenProject: PROJET_INFO:GROUPE_1:0.0.1-SNAPSHOT @ C:\Users\Jean Jedidia\Documents\info1\GROUPE_1\pom.xml.
2024-12-05 12:02:09,849 [Worker-2: Update Maven projects configuration] INFO  o.e.m.j.i.AbstractJavaProjectConfigurator - Adding source folder /GROUPE_1/src/main/java
2024-12-05 12:02:09,851 [Worker-2: Update Maven projects configuration] INFO  o.e.m.j.i.AbstractJavaProjectConfigurator - Adding resource folder /GROUPE_1/src/main/resources
2024-12-05 12:02:09,852 [Worker-2: Update Maven projects configuration] INFO  o.e.m.j.i.AbstractJavaProjectConfigurator - Adding source folder /GROUPE_1/src/test/java
2024-12-05 12:02:09,853 [Worker-2: Update Maven projects configuration] INFO  o.e.m.j.i.AbstractJavaProjectConfigurator - Adding resource folder /GROUPE_1/src/test/resources
2024-12-05 12:02:11,473 [Worker-2: Update Maven projects configuration] INFO  o.e.m.c.i.p.ProjectConfigurationManager - Update completed for 1 poms: local refresh takes 0,00 sec, refresh facades takes 5,00 sec, update config takes 3,00 sec 
2024-12-05 12:02:12,385 [Worker-10: Building] WARN  o.a.m.s.f.DefaultMavenResourcesFiltering - Using platform encoding (Cp1252 actually) to copy filtered resources, i.e. build is platform dependent!
2024-12-05 12:02:12,395 [Worker-10: Building] INFO  o.a.m.s.f.DefaultMavenResourcesFiltering - skip non existing resourceDirectory C:\Users\Jean Jedidia\Documents\info1\GROUPE_1\src\main\resources
2024-12-05 12:02:12,401 [Worker-10: Building] WARN  o.a.m.s.f.DefaultMavenResourcesFiltering - Using platform encoding (Cp1252 actually) to copy filtered resources, i.e. build is platform dependent!
2024-12-05 12:02:12,410 [Worker-10: Building] INFO  o.a.m.s.f.DefaultMavenResourcesFiltering - skip non existing resourceDirectory C:\Users\Jean Jedidia\Documents\info1\GROUPE_1\src\test\resources
2024-12-05 12:03:02,279 [Worker-10: Building] WARN  o.a.m.s.f.DefaultMavenResourcesFiltering - Using platform encoding (Cp1252 actually) to copy filtered resources, i.e. build is platform dependent!
2024-12-05 12:03:02,382 [Worker-10: Building] INFO  o.a.m.s.f.DefaultMavenResourcesFiltering - skip non existing resourceDirectory C:\Users\Jean Jedidia\Documents\info1\GROUPE_1\src\main\resources
2024-12-05 12:03:02,389 [Worker-10: Building] WARN  o.a.m.s.f.DefaultMavenResourcesFiltering - Using platform encoding (Cp1252 actually) to copy filtered resources, i.e. build is platform dependent!
2024-12-05 12:03:02,414 [Worker-10: Building] INFO  o.a.m.s.f.DefaultMavenResourcesFiltering - skip non existing resourceDirectory C:\Users\Jean Jedidia\Documents\info1\GROUPE_1\src\test\resources
2024-12-05 12:03:28,781 [Worker-3: Building] WARN  o.a.m.s.f.DefaultMavenResourcesFiltering - Using platform encoding (Cp1252 actually) to copy filtered resources, i.e. build is platform dependent!
2024-12-05 12:03:28,789 [Worker-3: Building] INFO  o.a.m.s.f.DefaultMavenResourcesFiltering - skip non existing resourceDirectory C:\Users\Jean Jedidia\Documents\info1\GROUPE_1\src\main\resources
2024-12-05 12:03:28,792 [Worker-3: Building] WARN  o.a.m.s.f.DefaultMavenResourcesFiltering - Using platform encoding (Cp1252 actually) to copy filtered resources, i.e. build is platform dependent!
2024-12-05 12:03:28,802 [Worker-3: Building] INFO  o.a.m.s.f.DefaultMavenResourcesFiltering - skip non existing resourceDirectory C:\Users\Jean Jedidia\Documents\info1\GROUPE_1\src\test\resources
2024-12-05 12:03:47,727 [Worker-4: Building] WARN  o.a.m.s.f.DefaultMavenResourcesFiltering - Using platform encoding (Cp1252 actually) to copy filtered resources, i.e. build is platform dependent!
2024-12-05 12:03:47,733 [Worker-4: Building] INFO  o.a.m.s.f.DefaultMavenResourcesFiltering - skip non existing resourceDirectory C:\Users\Jean Jedidia\Documents\info1\GROUPE_1\src\main\resources
2024-12-05 12:03:47,737 [Worker-4: Building] WARN  o.a.m.s.f.DefaultMavenResourcesFiltering - Using platform encoding (Cp1252 actually) to copy filtered resources, i.e. build is platform dependent!
2024-12-05 12:03:47,746 [Worker-4: Building] INFO  o.a.m.s.f.DefaultMavenResourcesFiltering - skip non existing resourceDirectory C:\Users\Jean Jedidia\Documents\info1\GROUPE_1\src\test\resources
2024-12-05 12:04:23,720 [Worker-10: Building] WARN  o.a.m.s.f.DefaultMavenResourcesFiltering - Using platform encoding (Cp1252 actually) to copy filtered resources, i.e. build is platform dependent!
2024-12-05 12:04:23,728 [Worker-10: Building] INFO  o.a.m.s.f.DefaultMavenResourcesFiltering - skip non existing resourceDirectory C:\Users\Jean Jedidia\Documents\info1\GROUPE_1\src\main\resources
2024-12-05 12:04:23,733 [Worker-10: Building] WARN  o.a.m.s.f.DefaultMavenResourcesFiltering - Using platform encoding (Cp1252 actually) to copy filtered resources, i.e. build is platform dependent!
2024-12-05 12:04:23,758 [Worker-10: Building] INFO  o.a.m.s.f.DefaultMavenResourcesFiltering - skip non existing resourceDirectory C:\Users\Jean Jedidia\Documents\info1\GROUPE_1\src\test\resources
2024-12-05 12:05:27,557 [Worker-7: Launching MainApp] WARN  o.a.m.s.f.DefaultMavenResourcesFiltering - Using platform encoding (Cp1252 actually) to copy filtered resources, i.e. build is platform dependent!
2024-12-05 12:05:27,566 [Worker-7: Launching MainApp] INFO  o.a.m.s.f.DefaultMavenResourcesFiltering - skip non existing resourceDirectory C:\Users\Jean Jedidia\Documents\info1\GROUPE_1\src\main\resources
2024-12-05 12:05:27,569 [Worker-7: Launching MainApp] WARN  o.a.m.s.f.DefaultMavenResourcesFiltering - Using platform encoding (Cp1252 actually) to copy filtered resources, i.e. build is platform dependent!
2024-12-05 12:05:27,580 [Worker-7: Launching MainApp] INFO  o.a.m.s.f.DefaultMavenResourcesFiltering - skip non existing resourceDirectory C:\Users\Jean Jedidia\Documents\info1\GROUPE_1\src\test\resources
2024-12-05 12:07:56,925 [Worker-8: Launching MainApp] WARN  o.a.m.s.f.DefaultMavenResourcesFiltering - Using platform encoding (Cp1252 actually) to copy filtered resources, i.e. build is platform dependent!
2024-12-05 12:07:56,980 [Worker-8: Launching MainApp] INFO  o.a.m.s.f.DefaultMavenResourcesFiltering - skip non existing resourceDirectory C:\Users\Jean Jedidia\Documents\info1\GROUPE_1\src\main\resources
2024-12-05 12:07:56,984 [Worker-8: Launching MainApp] WARN  o.a.m.s.f.DefaultMavenResourcesFiltering - Using platform encoding (Cp1252 actually) to copy filtered resources, i.e. build is platform dependent!
2024-12-05 12:07:57,004 [Worker-8: Launching MainApp] INFO  o.a.m.s.f.DefaultMavenResourcesFiltering - skip non existing resourceDirectory C:\Users\Jean Jedidia\Documents\info1\GROUPE_1\src\test\resources
2024-12-05 12:14:44,300 [Worker-0: Launching Api] WARN  o.a.m.s.f.DefaultMavenResourcesFiltering - Using platform encoding (Cp1252 actually) to copy filtered resources, i.e. build is platform dependent!
2024-12-05 12:14:44,316 [Worker-0: Launching Api] INFO  o.a.m.s.f.DefaultMavenResourcesFiltering - skip non existing resourceDirectory C:\Users\Jean Jedidia\Documents\info1\GROUPE_1\src\main\resources
2024-12-05 12:14:44,326 [Worker-0: Launching Api] WARN  o.a.m.s.f.DefaultMavenResourcesFiltering - Using platform encoding (Cp1252 actually) to copy filtered resources, i.e. build is platform dependent!
2024-12-05 12:14:44,342 [Worker-0: Launching Api] INFO  o.a.m.s.f.DefaultMavenResourcesFiltering - skip non existing resourceDirectory C:\Users\Jean Jedidia\Documents\info1\GROUPE_1\src\test\resources
2024-12-05 12:20:25,291 [Worker-15: Launching MainApp] WARN  o.a.m.s.f.DefaultMavenResourcesFiltering - Using platform encoding (Cp1252 actually) to copy filtered resources, i.e. build is platform dependent!
2024-12-05 12:20:25,304 [Worker-15: Launching MainApp] INFO  o.a.m.s.f.DefaultMavenResourcesFiltering - skip non existing resourceDirectory C:\Users\Jean Jedidia\Documents\info1\GROUPE_1\src\main\resources
2024-12-05 12:20:25,307 [Worker-15: Launching MainApp] WARN  o.a.m.s.f.DefaultMavenResourcesFiltering - Using platform encoding (Cp1252 actually) to copy filtered resources, i.e. build is platform dependent!
2024-12-05 12:20:25,315 [Worker-15: Launching MainApp] INFO  o.a.m.s.f.DefaultMavenResourcesFiltering - skip non existing resourceDirectory C:\Users\Jean Jedidia\Documents\info1\GROUPE_1\src\test\resources
2024-12-05 12:21:46,345 [Worker-18: Launching MainApp] WARN  o.a.m.s.f.DefaultMavenResourcesFiltering - Using platform encoding (Cp1252 actually) to copy filtered resources, i.e. build is platform dependent!
2024-12-05 12:21:46,352 [Worker-18: Launching MainApp] INFO  o.a.m.s.f.DefaultMavenResourcesFiltering - skip non existing resourceDirectory C:\Users\Jean Jedidia\Documents\info1\GROUPE_1\src\main\resources
2024-12-05 12:21:46,356 [Worker-18: Launching MainApp] WARN  o.a.m.s.f.DefaultMavenResourcesFiltering - Using platform encoding (Cp1252 actually) to copy filtered resources, i.e. build is platform dependent!
2024-12-05 12:21:46,365 [Worker-18: Launching MainApp] INFO  o.a.m.s.f.DefaultMavenResourcesFiltering - skip non existing resourceDirectory C:\Users\Jean Jedidia\Documents\info1\GROUPE_1\src\test\resources
2024-12-05 12:23:15,432 [Worker-17: Building] WARN  o.a.m.s.f.DefaultMavenResourcesFiltering - Using platform encoding (Cp1252 actually) to copy filtered resources, i.e. build is platform dependent!
2024-12-05 12:23:15,442 [Worker-17: Building] INFO  o.a.m.s.f.DefaultMavenResourcesFiltering - skip non existing resourceDirectory C:\Users\Jean Jedidia\Documents\info1\GROUPE_1\src\main\resources
2024-12-05 12:23:15,445 [Worker-17: Building] WARN  o.a.m.s.f.DefaultMavenResourcesFiltering - Using platform encoding (Cp1252 actually) to copy filtered resources, i.e. build is platform dependent!
2024-12-05 12:23:15,453 [Worker-17: Building] INFO  o.a.m.s.f.DefaultMavenResourcesFiltering - skip non existing resourceDirectory C:\Users\Jean Jedidia\Documents\info1\GROUPE_1\src\test\resources
2024-12-05 12:25:50,002 [Worker-2: Launching MainApp] WARN  o.a.m.s.f.DefaultMavenResourcesFiltering - Using platform encoding (Cp1252 actually) to copy filtered resources, i.e. build is platform dependent!
2024-12-05 12:25:50,043 [Worker-2: Launching MainApp] INFO  o.a.m.s.f.DefaultMavenResourcesFiltering - skip non existing resourceDirectory C:\Users\Jean Jedidia\Documents\info1\GROUPE_1\src\main\resources
2024-12-05 12:25:50,047 [Worker-2: Launching MainApp] WARN  o.a.m.s.f.DefaultMavenResourcesFiltering - Using platform encoding (Cp1252 actually) to copy filtered resources, i.e. build is platform dependent!
2024-12-05 12:25:50,058 [Worker-2: Launching MainApp] INFO  o.a.m.s.f.DefaultMavenResourcesFiltering - skip non existing resourceDirectory C:\Users\Jean Jedidia\Documents\info1\GROUPE_1\src\test\resources
2024-12-05 12:28:44,045 [Worker-0: Loading available Gradle versions] INFO  o.e.b.c.i.u.g.PublishedGradleVersions - Gradle version information cache is up-to-date. Trying to read.
2024-12-05 12:32:05,504 [Worker-0: Loading available Gradle versions] INFO  o.e.b.c.i.u.g.PublishedGradleVersions - Gradle version information cache is up-to-date. Trying to read.
2024-12-15 18:14:05,154 [Worker-0: Loading available Gradle versions] INFO  o.e.b.c.i.u.g.PublishedGradleVersions - Gradle version information cache is out-of-date. Trying to update.
